  [1m[35m (0.1ms)[0m  [1m[34mSELECT sqlite_version(*)[0m
  ↳ /Users/learn/.rvm/gems/ruby-2.3.1/gems/rake-12.3.1/lib/rake/task.rb:271
  [1m[35m (1.3ms)[0m  [1m[35mCREATE TABLE "schema_migrations" ("version" varchar NOT NULL PRIMARY KEY)[0m
  ↳ /Users/learn/.rvm/gems/ruby-2.3.1/gems/rake-12.3.1/lib/rake/task.rb:271
  [1m[35m (1.3ms)[0m  [1m[35mCREATE TABLE "ar_internal_metadata" ("key" varchar NOT NULL PRIMARY KEY, "value" varchar, "created_at" datetime NOT NULL, "updated_at" datetime NOT NULL)[0m
  ↳ /Users/learn/.rvm/gems/ruby-2.3.1/gems/rake-12.3.1/lib/rake/task.rb:271
  [1m[36mActiveRecord::InternalMetadata Load (0.2ms)[0m  [1m[34mSELECT  "ar_internal_metadata".* FROM "ar_internal_metadata" WHERE "ar_internal_metadata"."key" = ? LIMIT ?[0m  [["key", "environment"], ["LIMIT", 1]]
  ↳ /Users/learn/.rvm/gems/ruby-2.3.1/gems/rake-12.3.1/lib/rake/task.rb:271
  [1m[35m (0.1ms)[0m  [1m[36mbegin transaction[0m
  ↳ /Users/learn/.rvm/gems/ruby-2.3.1/gems/rake-12.3.1/lib/rake/task.rb:271
  [1m[36mActiveRecord::InternalMetadata Create (0.4ms)[0m  [1m[32mINSERT INTO "ar_internal_metadata" ("key", "value", "created_at", "updated_at") VALUES (?, ?, ?, ?)[0m  [["key", "environment"], ["value", "development"], ["created_at", "2018-09-19 17:46:41.392811"], ["updated_at", "2018-09-19 17:46:41.392811"]]
  ↳ /Users/learn/.rvm/gems/ruby-2.3.1/gems/rake-12.3.1/lib/rake/task.rb:271
  [1m[35m (1.3ms)[0m  [1m[36mcommit transaction[0m
  ↳ /Users/learn/.rvm/gems/ruby-2.3.1/gems/rake-12.3.1/lib/rake/task.rb:271
  [1m[35m (0.1ms)[0m  [1m[34mSELECT "schema_migrations"."version" FROM "schema_migrations" ORDER BY "schema_migrations"."version" ASC[0m
  ↳ /Users/learn/.rvm/gems/ruby-2.3.1/gems/rake-12.3.1/lib/rake/task.rb:271
  [1m[35m (515.0ms)[0m  [1m[35mCREATE DATABASE "apartments-backend_development" ENCODING = 'utf8'[0m
  ↳ /Users/learn/.rvm/gems/ruby-2.3.1/gems/rake-12.3.1/lib/rake/task.rb:271
  [1m[35m (440.0ms)[0m  [1m[35mCREATE DATABASE "apartments-backend_test" ENCODING = 'utf8'[0m
  ↳ /Users/learn/.rvm/gems/ruby-2.3.1/gems/rake-12.3.1/lib/rake/task.rb:271
  [1m[35m (4.4ms)[0m  [1m[35mCREATE TABLE "schema_migrations" ("version" character varying NOT NULL PRIMARY KEY)[0m
  ↳ /Users/learn/.rvm/gems/ruby-2.3.1/gems/rake-12.3.1/lib/rake/task.rb:271
  [1m[35m (3.0ms)[0m  [1m[35mCREATE TABLE "ar_internal_metadata" ("key" character varying NOT NULL PRIMARY KEY, "value" character varying, "created_at" timestamp NOT NULL, "updated_at" timestamp NOT NULL)[0m
  ↳ /Users/learn/.rvm/gems/ruby-2.3.1/gems/rake-12.3.1/lib/rake/task.rb:271
  [1m[35m (0.2ms)[0m  [1m[34mSELECT pg_try_advisory_lock(2670463357738404795)[0m
  ↳ /Users/learn/.rvm/gems/ruby-2.3.1/gems/rake-12.3.1/lib/rake/task.rb:271
  [1m[35m (0.4ms)[0m  [1m[34mSELECT "schema_migrations"."version" FROM "schema_migrations" ORDER BY "schema_migrations"."version" ASC[0m
  ↳ /Users/learn/.rvm/gems/ruby-2.3.1/gems/rake-12.3.1/lib/rake/task.rb:271
  [1m[36mActiveRecord::InternalMetadata Load (0.3ms)[0m  [1m[34mSELECT  "ar_internal_metadata".* FROM "ar_internal_metadata" WHERE "ar_internal_metadata"."key" = $1 LIMIT $2[0m  [["key", "environment"], ["LIMIT", 1]]
  ↳ /Users/learn/.rvm/gems/ruby-2.3.1/gems/rake-12.3.1/lib/rake/task.rb:271
  [1m[35m (0.1ms)[0m  [1m[35mBEGIN[0m
  ↳ /Users/learn/.rvm/gems/ruby-2.3.1/gems/rake-12.3.1/lib/rake/task.rb:271
  [1m[36mActiveRecord::InternalMetadata Create (0.4ms)[0m  [1m[32mINSERT INTO "ar_internal_metadata" ("key", "value", "created_at", "updated_at") VALUES ($1, $2, $3, $4) RETURNING "key"[0m  [["key", "environment"], ["value", "development"], ["created_at", "2018-09-19 17:50:59.346342"], ["updated_at", "2018-09-19 17:50:59.346342"]]
  ↳ /Users/learn/.rvm/gems/ruby-2.3.1/gems/rake-12.3.1/lib/rake/task.rb:271
  [1m[35m (0.3ms)[0m  [1m[35mCOMMIT[0m
  ↳ /Users/learn/.rvm/gems/ruby-2.3.1/gems/rake-12.3.1/lib/rake/task.rb:271
  [1m[35m (0.2ms)[0m  [1m[34mSELECT pg_advisory_unlock(2670463357738404795)[0m
  ↳ /Users/learn/.rvm/gems/ruby-2.3.1/gems/rake-12.3.1/lib/rake/task.rb:271
  [1m[35m (0.2ms)[0m  [1m[34mSELECT "schema_migrations"."version" FROM "schema_migrations" ORDER BY "schema_migrations"."version" ASC[0m
  ↳ /Users/learn/.rvm/gems/ruby-2.3.1/gems/rake-12.3.1/lib/rake/task.rb:271
  [1m[35m (0.2ms)[0m  [1m[34mSELECT pg_try_advisory_lock(2670463357738404795)[0m
  ↳ /Users/learn/.rvm/gems/ruby-2.3.1/gems/rake-12.3.1/lib/rake/task.rb:271
  [1m[35m (0.5ms)[0m  [1m[34mSELECT "schema_migrations"."version" FROM "schema_migrations" ORDER BY "schema_migrations"."version" ASC[0m
  ↳ /Users/learn/.rvm/gems/ruby-2.3.1/gems/rake-12.3.1/lib/rake/task.rb:271
Migrating to CreateApartments (20180919175327)
  [1m[35m (0.2ms)[0m  [1m[35mBEGIN[0m
  ↳ /Users/learn/.rvm/gems/ruby-2.3.1/gems/rake-12.3.1/lib/rake/task.rb:271
  [1m[35m (44.3ms)[0m  [1m[35mCREATE TABLE "apartments" ("id" bigserial primary key, "street_1" character varying, "street_2" character varying, "city" character varying, "postal_code" integer, "state" character varying, "country" character varying, "building_manager_name" character varying, "building_manager_phone" integer, "building_manager_hours" text, "created_at" timestamp NOT NULL, "updated_at" timestamp NOT NULL)[0m
  ↳ db/migrate/20180919175327_create_apartments.rb:3
  [1m[36mActiveRecord::SchemaMigration Create (0.4ms)[0m  [1m[32mINSERT INTO "schema_migrations" ("version") VALUES ($1) RETURNING "version"[0m  [["version", "20180919175327"]]
  ↳ /Users/learn/.rvm/gems/ruby-2.3.1/gems/rake-12.3.1/lib/rake/task.rb:271
  [1m[35m (0.7ms)[0m  [1m[35mCOMMIT[0m
  ↳ /Users/learn/.rvm/gems/ruby-2.3.1/gems/rake-12.3.1/lib/rake/task.rb:271
  [1m[36mActiveRecord::InternalMetadata Load (0.3ms)[0m  [1m[34mSELECT  "ar_internal_metadata".* FROM "ar_internal_metadata" WHERE "ar_internal_metadata"."key" = $1 LIMIT $2[0m  [["key", "environment"], ["LIMIT", 1]]
  ↳ /Users/learn/.rvm/gems/ruby-2.3.1/gems/rake-12.3.1/lib/rake/task.rb:271
  [1m[35m (0.2ms)[0m  [1m[35mBEGIN[0m
  ↳ /Users/learn/.rvm/gems/ruby-2.3.1/gems/rake-12.3.1/lib/rake/task.rb:271
  [1m[35m (0.1ms)[0m  [1m[35mCOMMIT[0m
  ↳ /Users/learn/.rvm/gems/ruby-2.3.1/gems/rake-12.3.1/lib/rake/task.rb:271
  [1m[35m (0.2ms)[0m  [1m[34mSELECT pg_advisory_unlock(2670463357738404795)[0m
  ↳ /Users/learn/.rvm/gems/ruby-2.3.1/gems/rake-12.3.1/lib/rake/task.rb:271
  [1m[35m (0.2ms)[0m  [1m[34mSELECT "schema_migrations"."version" FROM "schema_migrations" ORDER BY "schema_migrations"."version" ASC[0m
  ↳ /Users/learn/.rvm/gems/ruby-2.3.1/gems/rake-12.3.1/lib/rake/task.rb:271
  [1m[36mApartment Load (0.4ms)[0m  [1m[34mSELECT  "apartments".* FROM "apartments" LIMIT $1[0m  [["LIMIT", 11]]
  [1m[35m (0.2ms)[0m  [1m[35mBEGIN[0m
  [1m[35m (0.2ms)[0m  [1m[31mROLLBACK[0m
  [1m[36mApartment Load (0.3ms)[0m  [1m[34mSELECT  "apartments".* FROM "apartments" LIMIT $1[0m  [["LIMIT", 11]]
  [1m[35m (0.2ms)[0m  [1m[35mBEGIN[0m
  [1m[36mApartment Create (1.3ms)[0m  [1m[32mINSERT INTO "apartments" ("street_1", "street_2", "city", "postal_code", "state", "country", "building_manager_name", "building_manager_phone", "building_manager_hours", "created_at", "updated_at") VALUES ($1, $2, $3, $4, $5, $6, $7, $8, $9, $10, $11) RETURNING "id"[0m  [["street_1", "123 J st"], ["street_2", "Apt 1"], ["city", "San Diego"], ["postal_code", 92116], ["state", "CA"], ["country", "United States"], ["building_manager_name", "Jez Go"], ["building_manager_phone", 1234546789], ["building_manager_hours", "M-F: 9-5"], ["created_at", "2018-09-19 18:08:39.411873"], ["updated_at", "2018-09-19 18:08:39.411873"]]
  [1m[35m (0.6ms)[0m  [1m[35mCOMMIT[0m
  [1m[36mApartment Load (0.4ms)[0m  [1m[34mSELECT  "apartments".* FROM "apartments" LIMIT $1[0m  [["LIMIT", 11]]
  [1m[35m (0.2ms)[0m  [1m[34mSELECT pg_try_advisory_lock(2670463357738404795)[0m
  ↳ /Users/learn/.rvm/gems/ruby-2.3.1/gems/rake-12.3.1/lib/rake/task.rb:271
  [1m[35m (0.5ms)[0m  [1m[34mSELECT "schema_migrations"."version" FROM "schema_migrations" ORDER BY "schema_migrations"."version" ASC[0m
  ↳ /Users/learn/.rvm/gems/ruby-2.3.1/gems/rake-12.3.1/lib/rake/task.rb:271
Migrating to DeviseCreateUsers (20180919184721)
  [1m[35m (0.2ms)[0m  [1m[35mBEGIN[0m
  ↳ /Users/learn/.rvm/gems/ruby-2.3.1/gems/rake-12.3.1/lib/rake/task.rb:271
  [1m[35m (65.3ms)[0m  [1m[35mCREATE TABLE "users" ("id" bigserial primary key, "email" character varying DEFAULT '' NOT NULL, "encrypted_password" character varying DEFAULT '' NOT NULL, "reset_password_token" character varying, "reset_password_sent_at" timestamp, "remember_created_at" timestamp, "created_at" timestamp NOT NULL, "updated_at" timestamp NOT NULL)[0m
  ↳ db/migrate/20180919184721_devise_create_users.rb:5
  [1m[35m (1.8ms)[0m  [1m[35mCREATE UNIQUE INDEX  "index_users_on_email" ON "users"  ("email")[0m
  ↳ db/migrate/20180919184721_devise_create_users.rb:39
  [1m[35m (0.8ms)[0m  [1m[35mCREATE UNIQUE INDEX  "index_users_on_reset_password_token" ON "users"  ("reset_password_token")[0m
  ↳ db/migrate/20180919184721_devise_create_users.rb:40
  [1m[36mActiveRecord::SchemaMigration Create (0.3ms)[0m  [1m[32mINSERT INTO "schema_migrations" ("version") VALUES ($1) RETURNING "version"[0m  [["version", "20180919184721"]]
  ↳ /Users/learn/.rvm/gems/ruby-2.3.1/gems/rake-12.3.1/lib/rake/task.rb:271
  [1m[35m (1.1ms)[0m  [1m[35mCOMMIT[0m
  ↳ /Users/learn/.rvm/gems/ruby-2.3.1/gems/rake-12.3.1/lib/rake/task.rb:271
Migrating to AddJtiMatcherToUsers (20180919190117)
  [1m[35m (40.8ms)[0m  [1m[35mBEGIN[0m
  ↳ /Users/learn/.rvm/gems/ruby-2.3.1/gems/rake-12.3.1/lib/rake/task.rb:271
  [1m[35m (0.4ms)[0m  [1m[35mALTER TABLE "users" ADD "jti" character varying[0m
  ↳ db/migrate/20180919190117_add_jti_matcher_to_users.rb:3
  [1m[35m (0.9ms)[0m  [1m[35mCREATE UNIQUE INDEX  "index_users_on_jti" ON "users"  ("jti")[0m
  ↳ db/migrate/20180919190117_add_jti_matcher_to_users.rb:4
  [1m[36mActiveRecord::SchemaMigration Create (0.2ms)[0m  [1m[32mINSERT INTO "schema_migrations" ("version") VALUES ($1) RETURNING "version"[0m  [["version", "20180919190117"]]
  ↳ /Users/learn/.rvm/gems/ruby-2.3.1/gems/rake-12.3.1/lib/rake/task.rb:271
  [1m[35m (0.4ms)[0m  [1m[35mCOMMIT[0m
  ↳ /Users/learn/.rvm/gems/ruby-2.3.1/gems/rake-12.3.1/lib/rake/task.rb:271
  [1m[36mActiveRecord::InternalMetadata Load (0.5ms)[0m  [1m[34mSELECT  "ar_internal_metadata".* FROM "ar_internal_metadata" WHERE "ar_internal_metadata"."key" = $1 LIMIT $2[0m  [["key", "environment"], ["LIMIT", 1]]
  ↳ /Users/learn/.rvm/gems/ruby-2.3.1/gems/rake-12.3.1/lib/rake/task.rb:271
  [1m[35m (0.2ms)[0m  [1m[35mBEGIN[0m
  ↳ /Users/learn/.rvm/gems/ruby-2.3.1/gems/rake-12.3.1/lib/rake/task.rb:271
  [1m[35m (0.2ms)[0m  [1m[35mCOMMIT[0m
  ↳ /Users/learn/.rvm/gems/ruby-2.3.1/gems/rake-12.3.1/lib/rake/task.rb:271
  [1m[35m (0.2ms)[0m  [1m[34mSELECT pg_advisory_unlock(2670463357738404795)[0m
  ↳ /Users/learn/.rvm/gems/ruby-2.3.1/gems/rake-12.3.1/lib/rake/task.rb:271
  [1m[35m (0.2ms)[0m  [1m[34mSELECT "schema_migrations"."version" FROM "schema_migrations" ORDER BY "schema_migrations"."version" ASC[0m
  ↳ /Users/learn/.rvm/gems/ruby-2.3.1/gems/rake-12.3.1/lib/rake/task.rb:271
